build/app/intermediates/manifest_merge_blame_file/debug/manifest-merger-blame-debug-report.txt
1<?xml version="1.0" encoding="utf-8"?>
2<manifest xmlns:android="http://schemas.android.com/apk/res/android"
3    package="com.pdfstudio.pdf_studio"
4    android:versionCode="1"
5    android:versionName="1.0.0" >
6
7    <uses-sdk
8        android:minSdkVersion="21"
9        android:targetSdkVersion="35" />
10    <!--
11         The INTERNET permission is required for development. Specifically,
12         the Flutter tool needs it to communicate with the running application
13         to allow setting breakpoints, to provide hot reload, etc.
14    -->
15    <uses-permission android:name="android.permission.INTERNET" />
15-->src\debug\AndroidManifest.xml:6:5-66
15-->src\debug\AndroidManifest.xml:6:22-64
16    <!-- Camera for image capture -->
17    <uses-permission android:name="android.permission.CAMERA" /> <!-- Storage for reading images and saving PDFs (legacy) -->
17-->src\main\AndroidManifest.xml:3:5-64
17-->src\main\AndroidManifest.xml:3:22-62
18    <uses-permission
18-->src\main\AndroidManifest.xml:5:5-106
19        android:name="android.permission.READ_EXTERNAL_STORAGE"
19-->src\main\AndroidManifest.xml:5:22-77
20        android:maxSdkVersion="32" />
20-->src\main\AndroidManifest.xml:5:78-104
21    <uses-permission
21-->src\main\AndroidManifest.xml:6:5-107
22        android:name="android.permission.WRITE_EXTERNAL_STORAGE"
22-->src\main\AndroidManifest.xml:6:22-78
23        android:maxSdkVersion="28" /> <!-- Media access for Android 13+ -->
23-->src\main\AndroidManifest.xml:6:79-105
24    <uses-permission android:name="android.permission.READ_MEDIA_IMAGES" />
24-->src\main\AndroidManifest.xml:8:5-75
24-->src\main\AndroidManifest.xml:8:22-73
25    <!--
26 Required to query activities that can process text, see:
27         https://developer.android.com/training/package-visibility and
28         https://developer.android.com/reference/android/content/Intent#ACTION_PROCESS_TEXT.
29
30         In particular, this is used by the Flutter engine in io.flutter.plugin.text.ProcessTextPlugin.
31    -->
32    <queries>
32-->src\main\AndroidManifest.xml:47:5-52:15
33        <intent>
33-->src\main\AndroidManifest.xml:48:9-51:18
34            <action android:name="android.intent.action.PROCESS_TEXT" />
34-->src\main\AndroidManifest.xml:49:13-72
34-->src\main\AndroidManifest.xml:49:21-70
35
36            <data android:mimeType="text/plain" />
36-->src\main\AndroidManifest.xml:50:13-50
36-->src\main\AndroidManifest.xml:50:19-48
37        </intent>
38        <intent>
38-->[:file_picker] AndroidManifest.xml:8:9-12:18
39            <action android:name="android.intent.action.GET_CONTENT" />
39-->[:file_picker] AndroidManifest.xml:9:13-72
39-->[:file_picker] AndroidManifest.xml:9:21-69
40
41            <data android:mimeType="*/*" />
41-->src\main\AndroidManifest.xml:50:13-50
41-->src\main\AndroidManifest.xml:50:19-48
42        </intent>
43    </queries>
44
45    <permission
45-->[androidx.core:core:1.13.1] AndroidManifest.xml:22:5-24:47
46        android:name="com.pdfstudio.pdf_studio.DYNAMIC_RECEIVER_NOT_EXPORTED_PERMISSION"
46-->[androidx.core:core:1.13.1] AndroidManifest.xml:23:9-81
47        android:protectionLevel="signature" />
47-->[androidx.core:core:1.13.1] AndroidManifest.xml:24:9-44
48
49    <uses-permission android:name="com.pdfstudio.pdf_studio.DYNAMIC_RECEIVER_NOT_EXPORTED_PERMISSION" />
49-->[androidx.core:core:1.13.1] AndroidManifest.xml:26:5-97
49-->[androidx.core:core:1.13.1] AndroidManifest.xml:26:22-94
50
51    <application
52        android:name="android.app.Application"
53        android:appComponentFactory="androidx.core.app.CoreComponentFactory"
53-->[androidx.core:core:1.13.1] AndroidManifest.xml:28:18-86
54        android:debuggable="true"
55        android:extractNativeLibs="true"
56        android:icon="@mipmap/ic_launcher"
57        android:label="pdf_studio" >
58        <activity
59            android:name="com.pdfstudio.pdf_studio.MainActivity"
60            android:configChanges="orientation|keyboardHidden|keyboard|screenSize|smallestScreenSize|locale|layoutDirection|fontScale|screenLayout|density|uiMode"
61            android:exported="true"
62            android:hardwareAccelerated="true"
63            android:launchMode="singleTop"
64            android:taskAffinity=""
65            android:theme="@style/LaunchTheme"
66            android:windowSoftInputMode="adjustResize" >
67
68            <!--
69                 Specifies an Android theme to apply to this Activity as soon as
70                 the Android process has started. This theme is visible to the user
71                 while the Flutter UI initializes. After that, this theme continues
72                 to determine the Window background behind the Flutter UI.
73            -->
74            <meta-data
75                android:name="io.flutter.embedding.android.NormalTheme"
76                android:resource="@style/NormalTheme" />
77
78            <intent-filter>
79                <action android:name="android.intent.action.MAIN" />
80
81                <category android:name="android.intent.category.LAUNCHER" />
82            </intent-filter>
83        </activity>
84        <!--
85             Don't delete the meta-data below.
86             This is used by the Flutter tool to generate GeneratedPluginRegistrant.java
87        -->
88        <meta-data
89            android:name="flutterEmbedding"
90            android:value="2" />
91
92        <provider
92-->[:image_picker_android] AndroidManifest.xml:9:9-17:20
93            android:name="io.flutter.plugins.imagepicker.ImagePickerFileProvider"
93-->[:image_picker_android] AndroidManifest.xml:10:13-82
94            android:authorities="com.pdfstudio.pdf_studio.flutter.image_provider"
94-->[:image_picker_android] AndroidManifest.xml:11:13-74
95            android:exported="false"
95-->[:image_picker_android] AndroidManifest.xml:12:13-37
96            android:grantUriPermissions="true" >
96-->[:image_picker_android] AndroidManifest.xml:13:13-47
97            <meta-data
97-->[:image_picker_android] AndroidManifest.xml:14:13-16:75
98                android:name="android.support.FILE_PROVIDER_PATHS"
98-->[:image_picker_android] AndroidManifest.xml:15:17-67
99                android:resource="@xml/flutter_image_picker_file_paths" />
99-->[:image_picker_android] AndroidManifest.xml:16:17-72
100        </provider> <!-- Trigger Google Play services to install the backported photo picker module. -->
101        <service
101-->[:image_picker_android] AndroidManifest.xml:19:9-31:19
102            android:name="com.google.android.gms.metadata.ModuleDependencies"
102-->[:image_picker_android] AndroidManifest.xml:20:13-78
103            android:enabled="false"
103-->[:image_picker_android] AndroidManifest.xml:21:13-36
104            android:exported="false" >
104-->[:image_picker_android] AndroidManifest.xml:22:13-37
105            <intent-filter>
105-->[:image_picker_android] AndroidManifest.xml:24:13-26:29
106                <action android:name="com.google.android.gms.metadata.MODULE_DEPENDENCIES" />
106-->[:image_picker_android] AndroidManifest.xml:25:17-94
106-->[:image_picker_android] AndroidManifest.xml:25:25-91
107            </intent-filter>
108
109            <meta-data
109-->[:image_picker_android] AndroidManifest.xml:28:13-30:36
110                android:name="photopicker_activity:0:required"
110-->[:image_picker_android] AndroidManifest.xml:29:17-63
111                android:value="" />
111-->[:image_picker_android] AndroidManifest.xml:30:17-33
112        </service>
113        <!--
114           Declares a provider which allows us to store files to share in
115           '.../caches/share_plus' and grant the receiving action access
116        -->
117        <provider
117-->[:share_plus] AndroidManifest.xml:13:9-21:20
118            android:name="dev.fluttercommunity.plus.share.ShareFileProvider"
118-->[:share_plus] AndroidManifest.xml:14:13-77
119            android:authorities="com.pdfstudio.pdf_studio.flutter.share_provider"
119-->[:share_plus] AndroidManifest.xml:15:13-74
120            android:exported="false"
120-->[:share_plus] AndroidManifest.xml:16:13-37
121            android:grantUriPermissions="true" >
121-->[:share_plus] AndroidManifest.xml:17:13-47
122            <meta-data
122-->[:image_picker_android] AndroidManifest.xml:14:13-16:75
123                android:name="android.support.FILE_PROVIDER_PATHS"
123-->[:image_picker_android] AndroidManifest.xml:15:17-67
124                android:resource="@xml/flutter_share_file_paths" />
124-->[:image_picker_android] AndroidManifest.xml:16:17-72
125        </provider>
126        <!--
127           This manifest declared broadcast receiver allows us to use an explicit
128           Intent when creating a PendingItent to be informed of the user's choice
129        -->
130        <receiver
130-->[:share_plus] AndroidManifest.xml:26:9-32:20
131            android:name="dev.fluttercommunity.plus.share.SharePlusPendingIntent"
131-->[:share_plus] AndroidManifest.xml:27:13-82
132            android:exported="false" >
132-->[:share_plus] AndroidManifest.xml:28:13-37
133            <intent-filter>
133-->[:share_plus] AndroidManifest.xml:29:13-31:29
134                <action android:name="EXTRA_CHOSEN_COMPONENT" />
134-->[:share_plus] AndroidManifest.xml:30:17-65
134-->[:share_plus] AndroidManifest.xml:30:25-62
135            </intent-filter>
136        </receiver>
137
138        <provider
138-->[androidx.lifecycle:lifecycle-process:2.7.0] AndroidManifest.xml:24:9-32:20
139            android:name="androidx.startup.InitializationProvider"
139-->[androidx.lifecycle:lifecycle-process:2.7.0] AndroidManifest.xml:25:13-67
140            android:authorities="com.pdfstudio.pdf_studio.androidx-startup"
140-->[androidx.lifecycle:lifecycle-process:2.7.0] AndroidManifest.xml:26:13-68
141            android:exported="false" >
141-->[androidx.lifecycle:lifecycle-process:2.7.0] AndroidManifest.xml:27:13-37
142            <meta-data
142-->[androidx.lifecycle:lifecycle-process:2.7.0] AndroidManifest.xml:29:13-31:52
143                android:name="androidx.lifecycle.ProcessLifecycleInitializer"
143-->[androidx.lifecycle:lifecycle-process:2.7.0] AndroidManifest.xml:30:17-78
144                android:value="androidx.startup" />
144-->[androidx.lifecycle:lifecycle-process:2.7.0] AndroidManifest.xml:31:17-49
145            <meta-data
145-->[androidx.profileinstaller:profileinstaller:1.4.0] AndroidManifest.xml:29:13-31:52
146                android:name="androidx.profileinstaller.ProfileInstallerInitializer"
146-->[androidx.profileinstaller:profileinstaller:1.4.0] AndroidManifest.xml:30:17-85
147                android:value="androidx.startup" />
147-->[androidx.profileinstaller:profileinstaller:1.4.0] AndroidManifest.xml:31:17-49
148        </provider>
149
150        <uses-library
150-->[androidx.window:window:1.2.0] AndroidManifest.xml:23:9-25:40
151            android:name="androidx.window.extensions"
151-->[androidx.window:window:1.2.0] AndroidManifest.xml:24:13-54
152            android:required="false" />
152-->[androidx.window:window:1.2.0] AndroidManifest.xml:25:13-37
153        <uses-library
153-->[androidx.window:window:1.2.0] AndroidManifest.xml:26:9-28:40
154            android:name="androidx.window.sidecar"
154-->[androidx.window:window:1.2.0] AndroidManifest.xml:27:13-51
155            android:required="false" />
155-->[androidx.window:window:1.2.0] AndroidManifest.xml:28:13-37
156
157        <receiver
157-->[androidx.profileinstaller:profileinstaller:1.4.0] AndroidManifest.xml:34:9-52:20
158            android:name="androidx.profileinstaller.ProfileInstallReceiver"
158-->[androidx.profileinstaller:profileinstaller:1.4.0] AndroidManifest.xml:35:13-76
159            android:directBootAware="false"
159-->[androidx.profileinstaller:profileinstaller:1.4.0] AndroidManifest.xml:36:13-44
160            android:enabled="true"
160-->[androidx.profileinstaller:profileinstaller:1.4.0] AndroidManifest.xml:37:13-35
161            android:exported="true"
161-->[androidx.profileinstaller:profileinstaller:1.4.0] AndroidManifest.xml:38:13-36
162            android:permission="android.permission.DUMP" >
162-->[androidx.profileinstaller:profileinstaller:1.4.0] AndroidManifest.xml:39:13-57
163            <intent-filter>
163-->[androidx.profileinstaller:profileinstaller:1.4.0] AndroidManifest.xml:40:13-42:29
164                <action android:name="androidx.profileinstaller.action.INSTALL_PROFILE" />
164-->[androidx.profileinstaller:profileinstaller:1.4.0] AndroidManifest.xml:41:17-91
164-->[androidx.profileinstaller:profileinstaller:1.4.0] AndroidManifest.xml:41:25-88
165            </intent-filter>
166            <intent-filter>
166-->[androidx.profileinstaller:profileinstaller:1.4.0] AndroidManifest.xml:43:13-45:29
167                <action android:name="androidx.profileinstaller.action.SKIP_FILE" />
167-->[androidx.profileinstaller:profileinstaller:1.4.0] AndroidManifest.xml:44:17-85
167-->[androidx.profileinstaller:profileinstaller:1.4.0] AndroidManifest.xml:44:25-82
168            </intent-filter>
169            <intent-filter>
169-->[androidx.profileinstaller:profileinstaller:1.4.0] AndroidManifest.xml:46:13-48:29
170                <action android:name="androidx.profileinstaller.action.SAVE_PROFILE" />
170-->[androidx.profileinstaller:profileinstaller:1.4.0] AndroidManifest.xml:47:17-88
170-->[androidx.profileinstaller:profileinstaller:1.4.0] AndroidManifest.xml:47:25-85
171            </intent-filter>
172            <intent-filter>
172-->[androidx.profileinstaller:profileinstaller:1.4.0] AndroidManifest.xml:49:13-51:29
173                <action android:name="androidx.profileinstaller.action.BENCHMARK_OPERATION" />
173-->[androidx.profileinstaller:profileinstaller:1.4.0] AndroidManifest.xml:50:17-95
173-->[androidx.profileinstaller:profileinstaller:1.4.0] AndroidManifest.xml:50:25-92
174            </intent-filter>
175        </receiver>
176    </application>
177
178</manifest>